# JRE version: Java(TM) SE Runtime Environment (8.0-b132) (build 1.8.0-b132)
# Java VM: Java HotSpot(TM) 64-Bit Server VM (25.0-b70 mixed mode windows-amd64 compressed oops)
Heap:
 PSYoungGen      total 13312K, used 2396K [0x00000000d5c00000, 0x00000000d7200000, 0x0000000100000000)
  eden space 10240K, 2% used [0x00000000d5c00000,0x00000000d5c37e88,0x00000000d6600000)
  from space 3072K, 70% used [0x00000000d6600000,0x00000000d681f1d0,0x00000000d6900000)
  to   space 3072K, 0% used [0x00000000d6f00000,0x00000000d6f00000,0x00000000d7200000)
 ParOldGen       total 129536K, used 5464K [0x0000000081400000, 0x0000000089280000, 0x00000000d5c00000)
  object space 129536K, 4% used [0x0000000081400000,0x0000000081956298,0x0000000089280000)
 Metaspace       used 10843K, capacity 10978K, committed 11264K, reserved 1058816K
  class space    used 1155K, capacity 1190K, committed 1280K, reserved 1048576K
GC Heap History (10 events):
Event: 0.690 GC heap before
{Heap before GC invocations=7 (full 0):
 PSYoungGen      total 4608K, used 4587K [0x00000000d5c00000, 0x00000000d6300000, 0x0000000100000000)
  eden space 3584K, 100% used [0x00000000d5c00000,0x00000000d5f80000,0x00000000d5f80000)
  from space 1024K, 97% used [0x00000000d6100000,0x00000000d61fadb8,0x00000000d6200000)
  to   space 1536K, 0% used [0x00000000d5f80000,0x00000000d5f80000,0x00000000d6100000)
 ParOldGen       total 129536K, used 1104K [0x0000000081400000, 0x0000000089280000, 0x00000000d5c00000)
  object space 129536K, 0% used [0x0000000081400000,0x0000000081514260,0x0000000089280000)
 Metaspace       used 6177K, capacity 6308K, committed 6400K, reserved 1056768K
  class space    used 676K, capacity 720K, committed 768K, reserved 1048576K
Event: 0.692 GC heap after
Heap after GC invocations=7 (full 0):
 PSYoungGen      total 5120K, used 1387K [0x00000000d5c00000, 0x00000000d6600000, 0x0000000100000000)
  eden space 3584K, 0% used [0x00000000d5c00000,0x00000000d5c00000,0x00000000d5f80000)
  from space 1536K, 90% used [0x00000000d5f80000,0x00000000d60dad58,0x00000000d6100000)
  to   space 1536K, 0% used [0x00000000d6480000,0x00000000d6480000,0x00000000d6600000)
 ParOldGen       total 129536K, used 1442K [0x0000000081400000, 0x0000000089280000, 0x00000000d5c00000)
  object space 129536K, 1% used [0x0000000081400000,0x00000000815688c0,0x0000000089280000)
 Metaspace       used 6177K, capacity 6308K, committed 6400K, reserved 1056768K
  class space    used 676K, capacity 720K, committed 768K, reserved 1048576K
}
Event: 0.809 GC heap before
{Heap before GC invocations=8 (full 0):
 PSYoungGen      total 5120K, used 4971K [0x00000000d5c00000, 0x00000000d6600000, 0x0000000100000000)
  eden space 3584K, 100% used [0x00000000d5c00000,0x00000000d5f80000,0x00000000d5f80000)
  from space 1536K, 90% used [0x00000000d5f80000,0x00000000d60dad58,0x00000000d6100000)
  to   space 1536K, 0% used [0x00000000d6480000,0x00000000d6480000,0x00000000d6600000)
 ParOldGen       total 129536K, used 1442K [0x0000000081400000, 0x0000000089280000, 0x00000000d5c00000)
  object space 129536K, 1% used [0x0000000081400000,0x00000000815688c0,0x0000000089280000)
 Metaspace       used 8081K, capacity 8164K, committed 8448K, reserved 1056768K
  class space    used 926K, capacity 976K, committed 1024K, reserved 1048576K
Event: 0.813 GC heap after
Heap after GC invocations=8 (full 0):
 PSYoungGen      total 8192K, used 1536K [0x00000000d5c00000, 0x00000000d6700000, 0x0000000100000000)
  eden space 6656K, 0% used [0x00000000d5c00000,0x00000000d5c00000,0x00000000d6280000)
  from space 1536K, 100% used [0x00000000d6480000,0x00000000d6600000,0x00000000d6600000)
  to   space 2048K, 0% used [0x00000000d6280000,0x00000000d6280000,0x00000000d6480000)
 ParOldGen       total 129536K, used 1931K [0x0000000081400000, 0x0000000089280000, 0x00000000d5c00000)
  object space 129536K, 1% used [0x0000000081400000,0x00000000815e2f90,0x0000000089280000)
 Metaspace       used 8081K, capacity 8164K, committed 8448K, reserved 1056768K
  class space    used 926K, capacity 976K, committed 1024K, reserved 1048576K
}
Event: 0.991 GC heap before
{Heap before GC invocations=9 (full 0):
 PSYoungGen      total 8192K, used 7815K [0x00000000d5c00000, 0x00000000d6700000, 0x0000000100000000)
  eden space 6656K, 94% used [0x00000000d5c00000,0x00000000d6221e10,0x00000000d6280000)
  from space 1536K, 100% used [0x00000000d6480000,0x00000000d6600000,0x00000000d6600000)
  to   space 2048K, 0% used [0x00000000d6280000,0x00000000d6280000,0x00000000d6480000)
 ParOldGen       total 129536K, used 1931K [0x0000000081400000, 0x0000000089280000, 0x00000000d5c00000)
  object space 129536K, 1% used [0x0000000081400000,0x00000000815e2f90,0x0000000089280000)
 Metaspace       used 9066K, capacity 9168K, committed 9344K, reserved 1056768K
  class space    used 1042K, capacity 1076K, committed 1152K, reserved 1048576K
Event: 0.996 GC heap after
Heap after GC invocations=9 (full 0):
 PSYoungGen      total 8704K, used 2047K [0x00000000d5c00000, 0x00000000d6b80000, 0x0000000100000000)
  eden space 6656K, 0% used [0x00000000d5c00000,0x00000000d5c00000,0x00000000d6280000)
  from space 2048K, 99% used [0x00000000d6280000,0x00000000d647fc10,0x00000000d6480000)
  to   space 2560K, 0% used [0x00000000d6900000,0x00000000d6900000,0x00000000d6b80000)
 ParOldGen       total 129536K, used 2760K [0x0000000081400000, 0x0000000089280000, 0x00000000d5c00000)
  object space 129536K, 2% used [0x0000000081400000,0x00000000816b2248,0x0000000089280000)
 Metaspace       used 9066K, capacity 9168K, committed 9344K, reserved 1056768K
  class space    used 1042K, capacity 1076K, committed 1152K, reserved 1048576K
}
Event: 1.138 GC heap before
{Heap before GC invocations=10 (full 0):
 PSYoungGen      total 8704K, used 8703K [0x00000000d5c00000, 0x00000000d6b80000, 0x0000000100000000)
  eden space 6656K, 100% used [0x00000000d5c00000,0x00000000d6280000,0x00000000d6280000)
  from space 2048K, 99% used [0x00000000d6280000,0x00000000d647fc10,0x00000000d6480000)
  to   space 2560K, 0% used [0x00000000d6900000,0x00000000d6900000,0x00000000d6b80000)
 ParOldGen       total 129536K, used 2760K [0x0000000081400000, 0x0000000089280000, 0x00000000d5c00000)
  object space 129536K, 2% used [0x0000000081400000,0x00000000816b2248,0x0000000089280000)
 Metaspace       used 10355K, capacity 10474K, committed 10624K, reserved 1058816K
  class space    used 1113K, capacity 1150K, committed 1152K, reserved 1048576K
Event: 1.143 GC heap after
Heap after GC invocations=10 (full 0):
 PSYoungGen      total 12800K, used 1932K [0x00000000d5c00000, 0x00000000d6c80000, 0x0000000100000000)
  eden space 10240K, 0% used [0x00000000d5c00000,0x00000000d5c00000,0x00000000d6600000)
  from space 2560K, 75% used [0x00000000d6900000,0x00000000d6ae31f0,0x00000000d6b80000)
  to   space 3072K, 0% used [0x00000000d6600000,0x00000000d6600000,0x00000000d6900000)
 ParOldGen       total 129536K, used 3928K [0x0000000081400000, 0x0000000089280000, 0x00000000d5c00000)
  object space 129536K, 3% used [0x0000000081400000,0x00000000817d6278,0x0000000089280000)
 Metaspace       used 10355K, capacity 10474K, committed 10624K, reserved 1058816K
  class space    used 1113K, capacity 1150K, committed 1152K, reserved 1048576K
}
Event: 44.053 GC heap before
{Heap before GC invocations=11 (full 0):
 PSYoungGen      total 12800K, used 12172K [0x00000000d5c00000, 0x00000000d6c80000, 0x0000000100000000)
  eden space 10240K, 100% used [0x00000000d5c00000,0x00000000d6600000,0x00000000d6600000)
  from space 2560K, 75% used [0x00000000d6900000,0x00000000d6ae31f0,0x00000000d6b80000)
  to   space 3072K, 0% used [0x00000000d6600000,0x00000000d6600000,0x00000000d6900000)
 ParOldGen       total 129536K, used 3928K [0x0000000081400000, 0x0000000089280000, 0x00000000d5c00000)
  object space 129536K, 3% used [0x0000000081400000,0x00000000817d6278,0x0000000089280000)
 Metaspace       used 10771K, capacity 10914K, committed 11008K, reserved 1058816K
  class space    used 1149K, capacity 1190K, committed 1280K, reserved 1048576K
Event: 44.059 GC heap after
Heap after GC invocations=11 (full 0):
 PSYoungGen      total 13312K, used 2172K [0x00000000d5c00000, 0x00000000d7200000, 0x0000000100000000)
  eden space 10240K, 0% used [0x00000000d5c00000,0x00000000d5c00000,0x00000000d6600000)
  from space 3072K, 70% used [0x00000000d6600000,0x00000000d681f1d0,0x00000000d6900000)
  to   space 3072K, 0% used [0x00000000d6f00000,0x00000000d6f00000,0x00000000d7200000)
 ParOldGen       total 129536K, used 5464K [0x0000000081400000, 0x0000000089280000, 0x00000000d5c00000)
  object space 129536K, 4% used [0x0000000081400000,0x0000000081956298,0x0000000089280000)
 Metaspace       used 10771K, capacity 10914K, committed 11008K, reserved 1058816K
  class space    used 1149K, capacity 1190K, committed 1280K, reserved 1048576K
}

